Removed Pin From Net: NetName=5V Pin=FPC-1
Removed Pin From Net: NetName=PA14 Pin=FPC-2
Removed Pin From Net: NetName=PA13 Pin=FPC-3
Removed Pin From Net: NetName=PE9 Pin=FPC-4
Removed Pin From Net: NetName=PE11 Pin=FPC-5
Removed Pin From Net: NetName=PE13 Pin=FPC-6
Removed Pin From Net: NetName=PE14 Pin=FPC-7
Removed Pin From Net: NetName=PB4 Pin=FPC-8
Removed Pin From Net: NetName=PB5 Pin=FPC-9
Removed Pin From Net: NetName=PB0 Pin=FPC-10
Removed Pin From Net: NetName=PB1 Pin=FPC-11
Removed Pin From Net: NetName=PB6 Pin=FPC-12
Removed Pin From Net: NetName=PB7 Pin=FPC-13
Removed Pin From Net: NetName=PB8 Pin=FPC-14
Removed Pin From Net: NetName=PB9 Pin=FPC-15
Removed Pin From Net: NetName=PC6 Pin=FPC-16
Removed Pin From Net: NetName=PC7 Pin=FPC-17
Removed Pin From Net: NetName=PC8 Pin=FPC-18
Removed Pin From Net: NetName=PC9 Pin=FPC-19
Removed Pin From Net: NetName=GND Pin=FPC-20
Added Pin To Net: NetName=GND Pin=FPC-1
Added Pin To Net: NetName=PC9 Pin=FPC-2
Added Pin To Net: NetName=PC8 Pin=FPC-3
Added Pin To Net: NetName=PC7 Pin=FPC-4
Added Pin To Net: NetName=PC6 Pin=FPC-5
Added Pin To Net: NetName=PB9 Pin=FPC-6
Added Pin To Net: NetName=PB8 Pin=FPC-7
Added Pin To Net: NetName=PB7 Pin=FPC-8
Added Pin To Net: NetName=PB6 Pin=FPC-9
Added Pin To Net: NetName=PB1 Pin=FPC-10
Added Pin To Net: NetName=PB0 Pin=FPC-11
Added Pin To Net: NetName=PB5 Pin=FPC-12
Added Pin To Net: NetName=PB4 Pin=FPC-13
Added Pin To Net: NetName=PE14 Pin=FPC-14
Added Pin To Net: NetName=PE13 Pin=FPC-15
Added Pin To Net: NetName=PE11 Pin=FPC-16
Added Pin To Net: NetName=PE9 Pin=FPC-17
Added Pin To Net: NetName=PA13 Pin=FPC-18
Added Pin To Net: NetName=PA14 Pin=FPC-19
Added Pin To Net: NetName=5V Pin=FPC-20
Added Member To Class: ClassName=Sheet1 Member=Component SW KF2EDGV-3.81-3P
