Removed Pin From Net: NetName=12V Pin=OUT-1
Removed Pin From Net: NetName=12V Pin=OUT-2
Removed Pin From Net: NetName=GND Pin=OUT-3
Removed Pin From Net: NetName=GND Pin=OUT-4
Removed Pin From Net: NetName=PA13 Pin=SW-1
Removed Pin From Net: NetName=PA14 Pin=SW-2
Removed Pin From Net: NetName=GND Pin=SW-3
Removed Member From Class: ClassName=Sheet1 Member=OUT
Removed Member From Class: ClassName=Sheet1 Member=SW
Added Component: Designator=CN??(CONN-TH_4P-P3.81_KF2EDGV-3.81-4P)
Add component (AddParameter): Name = "Add into BOM"; Value = "yes"; VariantName = "[No Variations]"
Add component (AddParameter): Name = "Color"; Value = "绿色"; VariantName = "[No Variations]"
Add component (AddParameter): Name = "Connector Type"; Value = "板端/插座-闭口"; VariantName = "[No Variations]"
Add component (AddParameter): Name = "Convert to PCB"; Value = "yes"; VariantName = "[No Variations]"
Add component (AddParameter): Name = "Current Rating (Max)"; Value = "8A"; VariantName = "[No Variations]"
Add component (AddParameter): Name = "Datasheet"; Value = "https://atta.szlcsc.com/upload/public/pdf/source/20191023/C441334_2B3686AE66497D0AF2D450E865A6AACE.pdf"; VariantName = "[No Variations]"
Add component (AddParameter): Name = "Device"; Value = "KF2EDGV-3.81-4P_C441334"; VariantName = "[No Variations]"
Add component (AddParameter): Name = "JLCPCB Part Class"; Value = "Extended Part"; VariantName = "[No Variations]"
Add component (AddParameter): Name = "LCSC Part Name"; Value = "板端/插座-闭口 3.81mm 排数:1 每排P数:4 直针"; VariantName = "[No Variations]"
Add component (AddParameter): Name = "Manufacturer"; Value = "KEFA(科发)"; VariantName = "[No Variations]"
Add component (AddParameter): Name = "Manufacturer Part"; Value = "KF2EDGV-3.81-4P"; VariantName = "[No Variations]"
Add component (AddParameter): Name = "Mounting Style"; Value = "直针"; VariantName = "[No Variations]"
Add component (AddParameter): Name = "Name"; Value = "KF2EDGV-3.81-4P"; VariantName = "[No Variations]"
Add component (AddParameter): Name = "Number of PINs Per Row"; Value = "4"; VariantName = "[No Variations]"
Add component (AddParameter): Name = "Number of Rows"; Value = "1"; VariantName = "[No Variations]"
Add component (AddParameter): Name = "Operating Temperature Range"; Value = "-40℃~+105℃"; VariantName = "[No Variations]"
Add component (AddParameter): Name = "Pitch"; Value = "3.81mm"; VariantName = "[No Variations]"
Add component (AddParameter): Name = "Supplier"; Value = "LCSC"; VariantName = "[No Variations]"
Add component (AddParameter): Name = "Supplier Footprint"; Value = "直插,P=3.81mm"; VariantName = "[No Variations]"
Add component (AddParameter): Name = "Supplier Part"; Value = "C441334"; VariantName = "[No Variations]"
Add component (AddParameter): Name = "Symbol"; Value = "KF2EDGV-3.81-4P"; VariantName = "[No Variations]"
Add component (AddParameter): Name = "Voltage Rating (Max)"; Value = "300V"; VariantName = "[No Variations]"
Add component (AddParameter): Name = "Wire Gauge - AWG"; Value = "-"; VariantName = "[No Variations]"
Add component (AddParameter): Name = "Wire Gauge - mm?"; Value = "-"; VariantName = "[No Variations]"
Added Component: Designator=CN??(CONN-TH_3P-P3.81_KF2EDGV-3.81-3P)
Add component (AddParameter): Name = "Add into BOM"; Value = "yes"; VariantName = "[No Variations]"
Add component (AddParameter): Name = "Color"; Value = "绿色"; VariantName = "[No Variations]"
Add component (AddParameter): Name = "Connector Type"; Value = "板端/插座-闭口"; VariantName = "[No Variations]"
Add component (AddParameter): Name = "Convert to PCB"; Value = "yes"; VariantName = "[No Variations]"
Add component (AddParameter): Name = "Current Rating (Max)"; Value = "8A"; VariantName = "[No Variations]"
Add component (AddParameter): Name = "Datasheet"; Value = "https://atta.szlcsc.com/upload/public/pdf/source/20191023/C441333_64A45A3FA7EEF66FCEFDF359E788B867.pdf"; VariantName = "[No Variations]"
Add component (AddParameter): Name = "Device"; Value = "KF2EDGV-3.81-3P"; VariantName = "[No Variations]"
Add component (AddParameter): Name = "JLCPCB Part Class"; Value = "Extended Part"; VariantName = "[No Variations]"
Add component (AddParameter): Name = "LCSC Part Name"; Value = "板端/插座-闭口 3.81mm 排数:1 每排P数:3 直针"; VariantName = "[No Variations]"
Add component (AddParameter): Name = "Manufacturer"; Value = "KEFA(科发)"; VariantName = "[No Variations]"
Add component (AddParameter): Name = "Manufacturer Part"; Value = "KF2EDGV-3.81-3P"; VariantName = "[No Variations]"
Add component (AddParameter): Name = "Mounting Style"; Value = "直针"; VariantName = "[No Variations]"
Add component (AddParameter): Name = "Name"; Value = "KF2EDGV-3.81-3P"; VariantName = "[No Variations]"
Add component (AddParameter): Name = "Number of PINs Per Row"; Value = "3"; VariantName = "[No Variations]"
Add component (AddParameter): Name = "Number of Rows"; Value = "1"; VariantName = "[No Variations]"
Add component (AddParameter): Name = "Operating Temperature Range"; Value = "-40℃~+105℃"; VariantName = "[No Variations]"
Add component (AddParameter): Name = "Pitch"; Value = "3.81mm"; VariantName = "[No Variations]"
Add component (AddParameter): Name = "Supplier"; Value = "LCSC"; VariantName = "[No Variations]"
Add component (AddParameter): Name = "Supplier Footprint"; Value = "直插,P=3.81mm"; VariantName = "[No Variations]"
Add component (AddParameter): Name = "Supplier Part"; Value = "C441333"; VariantName = "[No Variations]"
Add component (AddParameter): Name = "Symbol"; Value = "KF2EDGV-3.81-3P"; VariantName = "[No Variations]"
Add component (AddParameter): Name = "Voltage Rating (Max)"; Value = "300V"; VariantName = "[No Variations]"
Add component (AddParameter): Name = "Wire Gauge - AWG"; Value = "-"; VariantName = "[No Variations]"
Add component (AddParameter): Name = "Wire Gauge - mm?"; Value = "-"; VariantName = "[No Variations]"
Added Pin To Net: NetName=12V Pin=CN??-1
Added Pin To Net: NetName=PA13 Pin=CN??-1
Added Pin To Net: NetName=12V Pin=CN??-2
Added Pin To Net: NetName=PA14 Pin=CN??-2
Added Pin To Net: NetName=GND Pin=CN??-3
Added Pin To Net: NetName=GND Pin=CN??-3
Added Pin To Net: NetName=GND Pin=CN??-4
Added Member To Class: ClassName=Sheet1 Member=Component CN?? KF2EDGV-3.81-4P_C441334
Added Member To Class: ClassName=Sheet1 Member=Component CN?? KF2EDGV-3.81-3P
