Removed Pin From Net: NetName=5V Pin=C1-1
Removed Pin From Net: NetName=5V Pin=D1-1
Removed Pin From Net: NetName=5V Pin=U1-8
Added Component: Designator=L1(IND-SMD_L7.3-W6.8)
Add component (AddParameter): Name = "Add into BOM"; Value = "yes"; VariantName = "[No Variations]"
Add component (AddParameter): Name = "Convert to PCB"; Value = "yes"; VariantName = "[No Variations]"
Add component (AddParameter): Name = "Datasheet"; Value = "https://atta.szlcsc.com/upload/public/pdf/source/20190729/C408453_64865E9628338F56CB759A725C0B9F8F.pdf"; VariantName = "[No Variations]"
Add component (AddParameter): Name = "DC Resistance (DCR)"; Value = "170m¦¸"; VariantName = "[No Variations]"
Add component (AddParameter): Name = "Device"; Value = "MWSA0603S-220MT"; VariantName = "[No Variations]"
Add component (AddParameter): Name = "Height"; Value = "3mm"; VariantName = "[No Variations]"
Add component (AddParameter): Name = "JLCPCB Part Class"; Value = "Extended Part"; VariantName = "[No Variations]"
Add component (AddParameter): Name = "LCSC Part Name"; Value = "22uH ¡À20%"; VariantName = "[No Variations]"
Add component (AddParameter): Name = "Length"; Value = "6.6mm"; VariantName = "[No Variations]"
Add component (AddParameter): Name = "Manufacturer"; Value = "Sunlord(Ë³Âç)"; VariantName = "[No Variations]"
Add component (AddParameter): Name = "Manufacturer Part"; Value = "MWSA0603S-220MT"; VariantName = "[No Variations]"
Add component (AddParameter): Name = "Name"; Value = "22uH"; VariantName = "[No Variations]"
Add component (AddParameter): Name = "Rated Current"; Value = "2.5A"; VariantName = "[No Variations]"
Add component (AddParameter): Name = "Supplier"; Value = "LCSC"; VariantName = "[No Variations]"
Add component (AddParameter): Name = "Supplier Footprint"; Value = "SMD"; VariantName = "[No Variations]"
Add component (AddParameter): Name = "Supplier Part"; Value = "C408453"; VariantName = "[No Variations]"
Add component (AddParameter): Name = "Symbol"; Value = "MWSA0603S-220MT"; VariantName = "[No Variations]"
Add component (AddParameter): Name = "Tolerance"; Value = "¡À20%"; VariantName = "[No Variations]"
Add component (AddParameter): Name = "Value"; Value = "22uH"; VariantName = "[No Variations]"
Add component (AddParameter): Name = "Width"; Value = "7mm"; VariantName = "[No Variations]"
Added Pin To Net: NetName=5V Pin=L1-1
Added Pin To Net: NetName=NetC1_1 Pin=C1-1
Added Pin To Net: NetName=NetC1_1 Pin=D1-1
Added Pin To Net: NetName=NetC1_1 Pin=L1-2
Added Pin To Net: NetName=NetC1_1 Pin=U1-8
Added Net: Name=NetC1_1
Added Member To Class: ClassName=Sheet1 Member=Component L1 MWSA0603S-220MT
Added Room: Name=Sheet1
