Change Component Designator: OldDesignator=CN?? NewDesignator=CN1
Change Component Designator: OldDesignator=CN?? NewDesignator=CN2
Change Component Designator: OldDesignator=CN?? NewDesignator=CN3
Change Component Designator: OldDesignator=CN?? NewDesignator=CN4
Change Component Designator: OldDesignator=CN?? NewDesignator=CN5
Change Component Designator: OldDesignator=CN?? NewDesignator=CN6
Change Component Designator: OldDesignator=CN?? NewDesignator=CN7
Change Component Designator: OldDesignator=CN?? NewDesignator=CN8
Added Component: Designator=CN9(CONN-TH_3P-P3.81_KF2EDGV-3.81-3P)
Add component (AddParameter): Name = "Add into BOM"; Value = "yes"; VariantName = "[No Variations]"
Add component (AddParameter): Name = "Color"; Value = "绿色"; VariantName = "[No Variations]"
Add component (AddParameter): Name = "Connector Type"; Value = "板端/插座-闭口"; VariantName = "[No Variations]"
Add component (AddParameter): Name = "Convert to PCB"; Value = "yes"; VariantName = "[No Variations]"
Add component (AddParameter): Name = "Current Rating (Max)"; Value = "8A"; VariantName = "[No Variations]"
Add component (AddParameter): Name = "Datasheet"; Value = "https://atta.szlcsc.com/upload/public/pdf/source/20191023/C441333_64A45A3FA7EEF66FCEFDF359E788B867.pdf"; VariantName = "[No Variations]"
Add component (AddParameter): Name = "Device"; Value = "KF2EDGV-3.81-3P"; VariantName = "[No Variations]"
Add component (AddParameter): Name = "JLCPCB Part Class"; Value = "Extended Part"; VariantName = "[No Variations]"
Add component (AddParameter): Name = "LCSC Part Name"; Value = "板端/插座-闭口 3.81mm 排数:1 每排P数:3 直针"; VariantName = "[No Variations]"
Add component (AddParameter): Name = "Manufacturer"; Value = "KEFA(科发)"; VariantName = "[No Variations]"
Add component (AddParameter): Name = "Manufacturer Part"; Value = "KF2EDGV-3.81-3P"; VariantName = "[No Variations]"
Add component (AddParameter): Name = "Mounting Style"; Value = "直针"; VariantName = "[No Variations]"
Add component (AddParameter): Name = "Name"; Value = "KF2EDGV-3.81-3P"; VariantName = "[No Variations]"
Add component (AddParameter): Name = "Number of PINs Per Row"; Value = "3"; VariantName = "[No Variations]"
Add component (AddParameter): Name = "Number of Rows"; Value = "1"; VariantName = "[No Variations]"
Add component (AddParameter): Name = "Operating Temperature Range"; Value = "-40℃~+105℃"; VariantName = "[No Variations]"
Add component (AddParameter): Name = "Pitch"; Value = "3.81mm"; VariantName = "[No Variations]"
Add component (AddParameter): Name = "Supplier"; Value = "LCSC"; VariantName = "[No Variations]"
Add component (AddParameter): Name = "Supplier Footprint"; Value = "直插,P=3.81mm"; VariantName = "[No Variations]"
Add component (AddParameter): Name = "Supplier Part"; Value = "C441333"; VariantName = "[No Variations]"
Add component (AddParameter): Name = "Symbol"; Value = "KF2EDGV-3.81-3P"; VariantName = "[No Variations]"
Add component (AddParameter): Name = "Voltage Rating (Max)"; Value = "300V"; VariantName = "[No Variations]"
Add component (AddParameter): Name = "Wire Gauge - AWG"; Value = "-"; VariantName = "[No Variations]"
Add component (AddParameter): Name = "Wire Gauge - mm?"; Value = "-"; VariantName = "[No Variations]"
Added Component: Designator=CN??(CONN-TH_XT60PW-M)
Add component (AddParameter): Name = "Add into BOM"; Value = "yes"; VariantName = "[No Variations]"
Add component (AddParameter): Name = "Convert to PCB"; Value = "yes"; VariantName = "[No Variations]"
Add component (AddParameter): Name = "Datasheet"; Value = "https://atta.szlcsc.com/upload/public/pdf/source/20180125/C98732_15168617837851301983.pdf"; VariantName = "[No Variations]"
Add component (AddParameter): Name = "Device"; Value = "XT60PW-M"; VariantName = "[No Variations]"
Add component (AddParameter): Name = "JLCPCB Part Class"; Value = "Extended Part"; VariantName = "[No Variations]"
Add component (AddParameter): Name = "LCSC Part Name"; Value = "AMASS(艾迈斯)航模插头xt90连接器150公母对接pw锂电池公头 板插卧式XT60PW-M"; VariantName = "[No Variations]"
Add component (AddParameter): Name = "Manufacturer"; Value = "AMASS(艾迈斯)"; VariantName = "[No Variations]"
Add component (AddParameter): Name = "Manufacturer Part"; Value = "XT60PW-M"; VariantName = "[No Variations]"
Add component (AddParameter): Name = "Name"; Value = "XT60PW-M"; VariantName = "[No Variations]"
Add component (AddParameter): Name = "Supplier"; Value = "LCSC"; VariantName = "[No Variations]"
Add component (AddParameter): Name = "Supplier Footprint"; Value = "-"; VariantName = "[No Variations]"
Add component (AddParameter): Name = "Supplier Part"; Value = "C98732"; VariantName = "[No Variations]"
Add component (AddParameter): Name = "Symbol"; Value = "XT60PW-M"; VariantName = "[No Variations]"
Added Pin To Net: NetName=PE9 Pin=CN1-2
Added Pin To Net: NetName=GND Pin=CN1-3
Added Pin To Net: NetName=PE11 Pin=CN2-2
Added Pin To Net: NetName=GND Pin=CN2-3
Added Pin To Net: NetName=PE13 Pin=CN3-2
Added Pin To Net: NetName=GND Pin=CN3-3
Added Pin To Net: NetName=PE14 Pin=CN4-2
Added Pin To Net: NetName=GND Pin=CN4-3
Added Pin To Net: NetName=PB6 Pin=CN5-2
Added Pin To Net: NetName=GND Pin=CN5-3
Added Pin To Net: NetName=PB7 Pin=CN6-2
Added Pin To Net: NetName=GND Pin=CN6-3
Added Pin To Net: NetName=PB8 Pin=CN7-2
Added Pin To Net: NetName=GND Pin=CN7-3
Added Pin To Net: NetName=PB9 Pin=CN8-2
Added Pin To Net: NetName=GND Pin=CN8-3
Added Pin To Net: NetName=PA13 Pin=CN9-1
Added Pin To Net: NetName=PA14 Pin=CN9-2
Added Pin To Net: NetName=GND Pin=CN9-3
Added Pin To Net: NetName=GND Pin=CN??-1
Added Pin To Net: NetName=12V Pin=CN1-1
Added Pin To Net: NetName=12V Pin=CN2-1
Added Pin To Net: NetName=12V Pin=CN3-1
Added Pin To Net: NetName=12V Pin=CN4-1
Added Pin To Net: NetName=12V Pin=CN5-1
Added Pin To Net: NetName=12V Pin=CN6-1
Added Pin To Net: NetName=12V Pin=CN7-1
Added Pin To Net: NetName=12V Pin=CN8-1
Added Pin To Net: NetName=12V Pin=CN??-2
Added Net: Name=12V
Added Member To Class: ClassName=Sheet1 Member=Component CN1 KF2EDGV-3.81-3P
Added Member To Class: ClassName=Sheet1 Member=Component CN2 KF2EDGV-3.81-3P
Added Member To Class: ClassName=Sheet1 Member=Component CN3 KF2EDGV-3.81-3P
Added Member To Class: ClassName=Sheet1 Member=Component CN4 KF2EDGV-3.81-3P
Added Member To Class: ClassName=Sheet1 Member=Component CN6 KF2EDGV-3.81-3P
Added Member To Class: ClassName=Sheet1 Member=Component CN7 KF2EDGV-3.81-3P
Added Member To Class: ClassName=Sheet1 Member=Component CN8 KF2EDGV-3.81-3P
Added Member To Class: ClassName=Sheet1 Member=Component CN9 KF2EDGV-3.81-3P
Added Member To Class: ClassName=Sheet1 Member=Component CN?? XT60PW-M
